The system is: Windows - 10.0.22631 - AMD64
Compiling the C compiler identification source file "CMakeCCompilerId.c" succeeded.
Compiler: D:/Program Files/Microsoft Visual Studio/2022/Community/VC/Tools/MSVC/14.36.32532/bin/Hostx64/x64/cl.exe 
Build flags: 
Id flags:  

The output was:
0
用于 x64 的 Microsoft (R) C/C++ 优化编译器 19.36.32537 版
版权所有(C) Microsoft Corporation。保留所有权利。

CMakeCCompilerId.c
Microsoft (R) Incremental Linker Version 14.36.32537.0
Copyright (C) Microsoft Corporation.  All rights reserved.

/out:CMakeCCompilerId.exe 
CMakeCCompilerId.obj 


Compilation of the C compiler identification source "CMakeCCompilerId.c" produced "CMakeCCompilerId.exe"

Compilation of the C compiler identification source "CMakeCCompilerId.c" produced "CMakeCCompilerId.obj"

The C compiler identification is MSVC, found in "D:/cCode/clionproject/PdfToWord/cmake-build-debug/CMakeFiles/3.25.2/CompilerIdC/CMakeCCompilerId.exe"

Compiling the CXX compiler identification source file "CMakeCXXCompilerId.cpp" succeeded.
Compiler: D:/Program Files/Microsoft Visual Studio/2022/Community/VC/Tools/MSVC/14.36.32532/bin/Hostx64/x64/cl.exe 
Build flags: 
Id flags:  

The output was:
0
用于 x64 的 Microsoft (R) C/C++ 优化编译器 19.36.32537 版
版权所有(C) Microsoft Corporation。保留所有权利。

CMakeCXXCompilerId.cpp
Microsoft (R) Incremental Linker Version 14.36.32537.0
Copyright (C) Microsoft Corporation.  All rights reserved.

/out:CMakeCXXCompilerId.exe 
CMakeCXXCompilerId.obj 


Compilation of the CXX compiler identification source "CMakeCXXCompilerId.cpp" produced "CMakeCXXCompilerId.exe"

Compilation of the CXX compiler identification source "CMakeCXXCompilerId.cpp" produced "CMakeCXXCompilerId.obj"

The CXX compiler identification is MSVC, found in "D:/cCode/clionproject/PdfToWord/cmake-build-debug/CMakeFiles/3.25.2/CompilerIdCXX/CMakeCXXCompilerId.exe"

Detecting C compiler ABI info compiled with the following output:
Change Dir: D:/cCode/clionproject/PdfToWord/cmake-build-debug/CMakeFiles/CMakeScratch/TryCompile-9tde56

Run Build Command(s):D:/Program Files/clion/CLion 2023.1.3/bin/ninja/win/x64/ninja.exe cmTC_9a2eb && [1/2] Building C object CMakeFiles\cmTC_9a2eb.dir\CMakeCCompilerABI.c.obj
[2/2] Linking C executable cmTC_9a2eb.exe



Detecting CXX compiler ABI info compiled with the following output:
Change Dir: D:/cCode/clionproject/PdfToWord/cmake-build-debug/CMakeFiles/CMakeScratch/TryCompile-2pjow8

Run Build Command(s):D:/Program Files/clion/CLion 2023.1.3/bin/ninja/win/x64/ninja.exe cmTC_b49fd && [1/2] Building CXX object CMakeFiles\cmTC_b49fd.dir\CMakeCXXCompilerABI.cpp.obj
[2/2] Linking CXX executable cmTC_b49fd.exe



Performing C++ SOURCE FILE Test HAVE_STDATOMIC succeeded with the following output:
Change Dir: D:/cCode/clionproject/PdfToWord/cmake-build-debug/CMakeFiles/CMakeScratch/TryCompile-uowkwt

Run Build Command(s):D:/Program Files/clion/CLion 2023.1.3/bin/ninja/win/x64/ninja.exe cmTC_91281 && [1/2] Building CXX object CMakeFiles\cmTC_91281.dir\src.cxx.obj
[2/2] Linking CXX executable cmTC_91281.exe


Source file was:
#include <atomic>
#include <cstdint>

int main(int, char **)
{
    volatile std::atomic<char>    size_1;
    volatile std::atomic<short>   size_2;
    volatile std::atomic<int>     size_4;
    volatile std::atomic<int64_t> size_8;

    ++size_1;
    ++size_2;
    ++size_4;
    ++size_8;

    (void)size_1.load(std::memory_order_relaxed);
    (void)size_2.load(std::memory_order_relaxed);
    (void)size_4.load(std::memory_order_relaxed);
    (void)size_8.load(std::memory_order_relaxed);

    return 0;
}

