Performing C SOURCE FILE Test CMAKE_HAVE_LIBC_PTHREAD failed with the following output:
Change Dir: D:/cCode/clionproject/PdfToWord/cmake-build-debug/CMakeFiles/CMakeScratch/TryCompile-qxlprt

Run Build Command(s):D:/Program Files/clion/CLion 2023.1.3/bin/ninja/win/x64/ninja.exe cmTC_53ce1 && [1/2] Building C object CMakeFiles\cmTC_53ce1.dir\src.c.obj
FAILED: CMakeFiles/cmTC_53ce1.dir/src.c.obj 
"D:\Program Files\Microsoft Visual Studio\2022\Community\VC\Tools\MSVC\14.36.32532\bin\Hostx64\x64\cl.exe"  /nologo -DCMAKE_HAVE_LIBC_PTHREAD  /DWIN32 /D_WINDOWS  /Ob0 /Od /RTC1 -MDd -Zi /showIncludes /FoCMakeFiles\cmTC_53ce1.dir\src.c.obj /FdCMakeFiles\cmTC_53ce1.dir\ /FS -c D:\cCode\clionproject\PdfToWord\cmake-build-debug\CMakeFiles\CMakeScratch\TryCompile-qxlprt\src.c
D:\cCode\clionproject\PdfToWord\cmake-build-debug\CMakeFiles\CMakeScratch\TryCompile-qxlprt\src.c(1): fatal error C1083: 无法打开包括文件: “pthread.h”: No such file or directory
ninja: build stopped: subcommand failed.


Source file was:
#include <pthread.h>

static void* test_func(void* data)
{
  return data;
}

int main(void)
{
  pthread_t thread;
  pthread_create(&thread, NULL, test_func, NULL);
  pthread_detach(thread);
  pthread_cancel(thread);
  pthread_join(thread, NULL);
  pthread_atfork(NULL, NULL, NULL);
  pthread_exit(NULL);

  return 0;
}


Determining if the function pthread_create exists in the pthreads failed with the following output:
Change Dir: D:/cCode/clionproject/PdfToWord/cmake-build-debug/CMakeFiles/CMakeScratch/TryCompile-l4it0y

Run Build Command(s):D:/Program Files/clion/CLion 2023.1.3/bin/ninja/win/x64/ninja.exe cmTC_25b4d && [1/2] Building C object CMakeFiles\cmTC_25b4d.dir\CheckFunctionExists.c.obj
[2/2] Linking C executable cmTC_25b4d.exe
FAILED: cmTC_25b4d.exe 
cmd.exe /C "cd . && "D:\Program Files\clion\CLion 2023.1.3\bin\cmake\win\x64\bin\cmake.exe" -E vs_link_exe --intdir=CMakeFiles\cmTC_25b4d.dir --rc="D:\Windows Kits\10\bin\10.0.22000.0\x64\rc.exe" --mt="D:\Windows Kits\10\bin\10.0.22000.0\x64\mt.exe" --manifests  -- "D:\Program Files\Microsoft Visual Studio\2022\Community\VC\Tools\MSVC\14.36.32532\bin\Hostx64\x64\link.exe" /nologo CMakeFiles\cmTC_25b4d.dir\CheckFunctionExists.c.obj  /out:cmTC_25b4d.exe /implib:cmTC_25b4d.lib /pdb:cmTC_25b4d.pdb /version:0.0 /machine:x64  /debug /INCREMENTAL /subsystem:console  pthreads.lib  kernel32.lib user32.lib gdi32.lib winspool.lib shell32.lib ole32.lib oleaut32.lib uuid.lib comdlg32.lib advapi32.lib && cd ."
LINK Pass 1: command "D:\Program Files\Microsoft Visual Studio\2022\Community\VC\Tools\MSVC\14.36.32532\bin\Hostx64\x64\link.exe /nologo CMakeFiles\cmTC_25b4d.dir\CheckFunctionExists.c.obj /out:cmTC_25b4d.exe /implib:cmTC_25b4d.lib /pdb:cmTC_25b4d.pdb /version:0.0 /machine:x64 /debug /INCREMENTAL /subsystem:console pthreads.lib kernel32.lib user32.lib gdi32.lib winspool.lib shell32.lib ole32.lib oleaut32.lib uuid.lib comdlg32.lib advapi32.lib /MANIFEST /MANIFESTFILE:CMakeFiles\cmTC_25b4d.dir/intermediate.manifest CMakeFiles\cmTC_25b4d.dir/manifest.res" failed (exit code 1104) with the following output:
LINK : fatal error LNK1104: 无法打开文件“pthreads.lib”
ninja: build stopped: subcommand failed.



Determining if the function pthread_create exists in the pthread failed with the following output:
Change Dir: D:/cCode/clionproject/PdfToWord/cmake-build-debug/CMakeFiles/CMakeScratch/TryCompile-3wedbg

Run Build Command(s):D:/Program Files/clion/CLion 2023.1.3/bin/ninja/win/x64/ninja.exe cmTC_1c826 && [1/2] Building C object CMakeFiles\cmTC_1c826.dir\CheckFunctionExists.c.obj
[2/2] Linking C executable cmTC_1c826.exe
FAILED: cmTC_1c826.exe 
cmd.exe /C "cd . && "D:\Program Files\clion\CLion 2023.1.3\bin\cmake\win\x64\bin\cmake.exe" -E vs_link_exe --intdir=CMakeFiles\cmTC_1c826.dir --rc="D:\Windows Kits\10\bin\10.0.22000.0\x64\rc.exe" --mt="D:\Windows Kits\10\bin\10.0.22000.0\x64\mt.exe" --manifests  -- "D:\Program Files\Microsoft Visual Studio\2022\Community\VC\Tools\MSVC\14.36.32532\bin\Hostx64\x64\link.exe" /nologo CMakeFiles\cmTC_1c826.dir\CheckFunctionExists.c.obj  /out:cmTC_1c826.exe /implib:cmTC_1c826.lib /pdb:cmTC_1c826.pdb /version:0.0 /machine:x64  /debug /INCREMENTAL /subsystem:console  pthread.lib  kernel32.lib user32.lib gdi32.lib winspool.lib shell32.lib ole32.lib oleaut32.lib uuid.lib comdlg32.lib advapi32.lib && cd ."
LINK Pass 1: command "D:\Program Files\Microsoft Visual Studio\2022\Community\VC\Tools\MSVC\14.36.32532\bin\Hostx64\x64\link.exe /nologo CMakeFiles\cmTC_1c826.dir\CheckFunctionExists.c.obj /out:cmTC_1c826.exe /implib:cmTC_1c826.lib /pdb:cmTC_1c826.pdb /version:0.0 /machine:x64 /debug /INCREMENTAL /subsystem:console pthread.lib kernel32.lib user32.lib gdi32.lib winspool.lib shell32.lib ole32.lib oleaut32.lib uuid.lib comdlg32.lib advapi32.lib /MANIFEST /MANIFESTFILE:CMakeFiles\cmTC_1c826.dir/intermediate.manifest CMakeFiles\cmTC_1c826.dir/manifest.res" failed (exit code 1104) with the following output:
LINK : fatal error LNK1104: 无法打开文件“pthread.lib”
ninja: build stopped: subcommand failed.



